<?xml version="1.0" encoding="UTF-8"?>
<!-- Generated by org.testng.reporters.JUnitReportReporter -->
<testsuite skipped="0" hostname="Pitchuka" name="com.qa.test.GetAPITest" tests="1" failures="0" timestamp="27 Jun 2018 00:00:03 GMT" time="5.121" errors="0">
  <testcase name="getAPITest" time="5.121" classname="com.qa.test.GetAPITest"/>
</testsuite> <!-- com.qa.test.GetAPITest -->
